<?xml version="1.0" encoding="UTF-8"?>
<!-- Generated by org.testng.reporters.JUnitReportReporter -->
<testsuite name="com.saplab.page.automatePoj.HomePageTest" tests="1" time="10.474" ignored="0" failures="0" timestamp="31 Jul 2020 20:07:40 GMT" skipped="0" hostname="LAPTOP-B2QFA4KJ" errors="0">
  <testcase name="testSignUpButton" time="10.474" classname="com.saplab.page.automatePoj.HomePageTest"/>
</testsuite> <!-- com.saplab.page.automatePoj.HomePageTest -->
