<?xml version="1.0" encoding="UTF-8"?>
<!-- Generated by org.testng.reporters.JUnitReportReporter -->
<testsuite name="com.saplab.page.automatePoj.SignUpPageTest" tests="1" time="14.332" ignored="0" failures="0" timestamp="02 Aug 2020 16:08:32 GMT" skipped="0" hostname="LAPTOP-B2QFA4KJ" errors="0">
  <testcase name="sucessfulRegister" time="14.332" classname="com.saplab.page.automatePoj.SignUpPageTest"/>
</testsuite> <!-- com.saplab.page.automatePoj.SignUpPageTest -->
