<?xml version="1.0" encoding="UTF-8"?>
<!-- Generated by org.testng.reporters.JUnitReportReporter -->
<testsuite name="com.saplab.page.automatePoj.SignUpPageTest" tests="3" time="60.874" ignored="0" failures="0" timestamp="04 Aug 2020 18:50:30 GMT" skipped="0" hostname="LAPTOP-B2QFA4KJ" errors="0">
  <testcase name="testInavlidErrorFullRegistration" time="19.772" classname="com.saplab.page.automatePoj.SignUpPageTest"/>
  <testcase name="testSuccessfullRegistration" time="23.625" classname="com.saplab.page.automatePoj.SignUpPageTest"/>
  <testcase name="testPasswordMismatch" time="17.477" classname="com.saplab.page.automatePoj.SignUpPageTest"/>
</testsuite> <!-- com.saplab.page.automatePoj.SignUpPageTest -->
