<?xml version="1.0" encoding="UTF-8"?>
<!-- Generated by org.testng.reporters.JUnitReportReporter -->
<testsuite name="com.saplab.page.automatePoj.HomePageTest" tests="2" time="33.739" ignored="0" failures="0" timestamp="04 Aug 2020 18:50:30 GMT" skipped="0" hostname="LAPTOP-B2QFA4KJ" errors="0">
  <testcase name="homeUrl" time="13.961" classname="com.saplab.page.automatePoj.HomePageTest"/>
  <testcase name="testSignUpButton" time="19.778" classname="com.saplab.page.automatePoj.HomePageTest"/>
</testsuite> <!-- com.saplab.page.automatePoj.HomePageTest -->
